[debug] [2021-07-03T16:38:33.468Z] ----------------------------------------------------------------------
[debug] [2021-07-03T16:38:33.469Z] Command:       /usr/bin/node /usr/bin/firebase deploy
[debug] [2021-07-03T16:38:33.470Z] CLI Version:   9.14.0
[debug] [2021-07-03T16:38:33.470Z] Platform:      linux
[debug] [2021-07-03T16:38:33.470Z] Node Version:  v14.15.4
[debug] [2021-07-03T16:38:33.470Z] Time:          Sat Jul 03 2021 17:38:33 GMT+0100 (British Summer Time)
[debug] [2021-07-03T16:38:33.470Z] ----------------------------------------------------------------------
[debug] 
[debug] [2021-07-03T16:38:33.474Z] > command requires scopes: ["email","openid","https://www.googleapis.com/auth/cloudplatformprojects.readonly","https://www.googleapis.com/auth/firebase","https://www.googleapis.com/auth/cloud-platform"]
[debug] [2021-07-03T16:38:33.474Z] > authorizing via signed-in user (andrewjp1992@gmail.com)
[debug] [2021-07-03T16:38:33.474Z] [iam] checking project nonunonu-d62cf for permissions ["firebase.projects.get","firebasehosting.sites.update"]
[debug] [2021-07-03T16:38:33.476Z] > refreshing access token with scopes: ["email","https://www.googleapis.com/auth/cloud-platform","https://www.googleapis.com/auth/cloudplatformprojects.readonly","https://www.googleapis.com/auth/firebase","openid"]
[debug] [2021-07-03T16:38:33.476Z] >>> HTTP REQUEST POST https://www.googleapis.com/oauth2/v3/token  
 <request body omitted>
[debug] [2021-07-03T16:38:33.617Z] <<< HTTP RESPONSE 200 {"pragma":"no-cache","expires":"Mon, 01 Jan 1990 00:00:00 GMT","date":"Sat, 03 Jul 2021 16:38:33 GMT","cache-control":"no-cache, no-store, max-age=0, must-revalidate","content-type":"application/json; charset=utf-8","vary":"X-Origin, Referer, Origin,Accept-Encoding","server":"scaffolding on HTTPServer2","x-xss-protection":"0","x-frame-options":"SAMEORIGIN","x-content-type-options":"nosniff","alt-svc":"h3=\":443\"; ma=2592000,h3-29=\":443\"; ma=2592000,h3-T051=\":443\"; ma=2592000,h3-Q050=\":443\"; ma=2592000,h3-Q046=\":443\"; ma=2592000,h3-Q043=\":443\"; ma=2592000,quic=\":443\"; ma=2592000; v=\"46,43\"","accept-ranges":"none","transfer-encoding":"chunked"}
[debug] [2021-07-03T16:38:33.633Z] >>> HTTP REQUEST POST https://cloudresourcemanager.googleapis.com/v1/projects/nonunonu-d62cf:testIamPermissions  
 {"permissions":["firebase.projects.get","firebasehosting.sites.update"]}
[debug] [2021-07-03T16:38:34.295Z] <<< HTTP RESPONSE 200 {"content-type":"application/json; charset=UTF-8","vary":"X-Origin, Referer, Origin,Accept-Encoding","date":"Sat, 03 Jul 2021 16:38:34 GMT","server":"ESF","cache-control":"private","x-xss-protection":"0","x-frame-options":"SAMEORIGIN","x-content-type-options":"nosniff","server-timing":"gfet4t7; dur=544","alt-svc":"h3=\":443\"; ma=2592000,h3-29=\":443\"; ma=2592000,h3-T051=\":443\"; ma=2592000,h3-Q050=\":443\"; ma=2592000,h3-Q046=\":443\"; ma=2592000,h3-Q043=\":443\"; ma=2592000,quic=\":443\"; ma=2592000; v=\"46,43\"","accept-ranges":"none","transfer-encoding":"chunked"}
[debug] [2021-07-03T16:38:34.299Z] > refreshing access token with scopes: []
[debug] [2021-07-03T16:38:34.299Z] >>> HTTP REQUEST POST https://www.googleapis.com/oauth2/v3/token  
 <request body omitted>
[debug] [2021-07-03T16:38:34.411Z] <<< HTTP RESPONSE 200 {"date":"Sat, 03 Jul 2021 16:38:34 GMT","pragma":"no-cache","cache-control":"no-cache, no-store, max-age=0, must-revalidate","expires":"Mon, 01 Jan 1990 00:00:00 GMT","content-type":"application/json; charset=utf-8","vary":"X-Origin, Referer, Origin,Accept-Encoding","server":"scaffolding on HTTPServer2","x-xss-protection":"0","x-frame-options":"SAMEORIGIN","x-content-type-options":"nosniff","alt-svc":"h3=\":443\"; ma=2592000,h3-29=\":443\"; ma=2592000,h3-T051=\":443\"; ma=2592000,h3-Q050=\":443\"; ma=2592000,h3-Q046=\":443\"; ma=2592000,h3-Q043=\":443\"; ma=2592000,quic=\":443\"; ma=2592000; v=\"46,43\"","accept-ranges":"none","transfer-encoding":"chunked"}
[debug] [2021-07-03T16:38:34.426Z] >>> [apiv2][query] GET https://firebase.googleapis.com/v1beta1/projects/nonunonu-d62cf [none]
[debug] [2021-07-03T16:38:34.667Z] <<< [apiv2][status] GET https://firebase.googleapis.com/v1beta1/projects/nonunonu-d62cf 200
[debug] [2021-07-03T16:38:34.668Z] <<< [apiv2][body] GET https://firebase.googleapis.com/v1beta1/projects/nonunonu-d62cf {"projectId":"nonunonu-d62cf","projectNumber":"602987702257","displayName":"nonunonu","name":"projects/nonunonu-d62cf","resources":{"hostingSite":"nonunonu-d62cf"},"state":"ACTIVE"}
[info] 
[info] === Deploying to 'nonunonu-d62cf'...
[info] 
[info] i  deploying hosting 
[debug] [2021-07-03T16:38:34.678Z] > refreshing access token with scopes: ["email","https://www.googleapis.com/auth/cloud-platform","https://www.googleapis.com/auth/cloudplatformprojects.readonly","https://www.googleapis.com/auth/firebase","openid"]
[debug] [2021-07-03T16:38:34.678Z] >>> HTTP REQUEST POST https://www.googleapis.com/oauth2/v3/token  
 <request body omitted>
[debug] [2021-07-03T16:38:34.780Z] <<< HTTP RESPONSE 200 {"pragma":"no-cache","expires":"Mon, 01 Jan 1990 00:00:00 GMT","date":"Sat, 03 Jul 2021 16:38:34 GMT","cache-control":"no-cache, no-store, max-age=0, must-revalidate","content-type":"application/json; charset=utf-8","vary":"X-Origin, Referer, Origin,Accept-Encoding","server":"scaffolding on HTTPServer2","x-xss-protection":"0","x-frame-options":"SAMEORIGIN","x-content-type-options":"nosniff","alt-svc":"h3=\":443\"; ma=2592000,h3-29=\":443\"; ma=2592000,h3-T051=\":443\"; ma=2592000,h3-Q050=\":443\"; ma=2592000,h3-Q046=\":443\"; ma=2592000,h3-Q043=\":443\"; ma=2592000,quic=\":443\"; ma=2592000; v=\"46,43\"","accept-ranges":"none","transfer-encoding":"chunked"}
[debug] [2021-07-03T16:38:34.797Z] >>> HTTP REQUEST POST https://firebasehosting.googleapis.com/v1beta1/sites/nonunonu-d62cf/versions  
 {"config":{"rewrites":[{"glob":"**","path":"/index.html"}]},"labels":{"deployment-tool":"cli-firebase"}}
[debug] [2021-07-03T16:38:36.065Z] <<< HTTP RESPONSE 200 {"content-type":"application/json; charset=UTF-8","vary":"X-Origin, Referer, Origin,Accept-Encoding","date":"Sat, 03 Jul 2021 16:38:36 GMT","server":"ESF","cache-control":"private","x-xss-protection":"0","x-frame-options":"SAMEORIGIN","x-content-type-options":"nosniff","alt-svc":"h3=\":443\"; ma=2592000,h3-29=\":443\"; ma=2592000,h3-T051=\":443\"; ma=2592000,h3-Q050=\":443\"; ma=2592000,h3-Q046=\":443\"; ma=2592000,h3-Q043=\":443\"; ma=2592000,quic=\":443\"; ma=2592000; v=\"46,43\"","accept-ranges":"none","transfer-encoding":"chunked"}
[info] i  hosting[nonunonu-d62cf]: beginning deploy... 
[info] i  hosting[nonunonu-d62cf]: found 17 files in dist 
[debug] [2021-07-03T16:38:36.096Z] > refreshing access token with scopes: []
[debug] [2021-07-03T16:38:36.097Z] >>> HTTP REQUEST POST https://www.googleapis.com/oauth2/v3/token  
 <request body omitted>
[debug] [2021-07-03T16:38:36.098Z] [hosting] hash cache [ZGlzdA] stored for 17 files
[debug] [2021-07-03T16:38:36.099Z] [hosting][hash queue][FINAL] {"max":2,"min":0,"avg":0,"active":0,"complete":17,"success":17,"errored":0,"retried":0,"total":17,"elapsed":7}
[debug] [2021-07-03T16:38:36.192Z] <<< HTTP RESPONSE 200 {"date":"Sat, 03 Jul 2021 16:38:36 GMT","pragma":"no-cache","cache-control":"no-cache, no-store, max-age=0, must-revalidate","expires":"Mon, 01 Jan 1990 00:00:00 GMT","content-type":"application/json; charset=utf-8","vary":"X-Origin, Referer, Origin,Accept-Encoding","server":"scaffolding on HTTPServer2","x-xss-protection":"0","x-frame-options":"SAMEORIGIN","x-content-type-options":"nosniff","alt-svc":"h3=\":443\"; ma=2592000,h3-29=\":443\"; ma=2592000,h3-T051=\":443\"; ma=2592000,h3-Q050=\":443\"; ma=2592000,h3-Q046=\":443\"; ma=2592000,h3-Q043=\":443\"; ma=2592000,quic=\":443\"; ma=2592000; v=\"46,43\"","accept-ranges":"none","transfer-encoding":"chunked"}
[debug] [2021-07-03T16:38:36.202Z] >>> [apiv2][query] POST https://firebasehosting.googleapis.com/v1beta1/sites/nonunonu-d62cf/versions/72d2093a0817983d:populateFiles [none]
[debug] [2021-07-03T16:38:36.202Z] >>> [apiv2][body] POST https://firebasehosting.googleapis.com/v1beta1/sites/nonunonu-d62cf/versions/72d2093a0817983d:populateFiles {"files":{"/favicon.ico":"e0535b2041a7a1721cdec785c903980d41fdf0d810a4ea9726b6ffd1371bbc28","/index.html":"2a6896b77a9192981e6eaf6f80c1e8619c0f043db6294fd2ddf80e6f77bfadbf","/css/app.7fd8df39.css":"b44000e0f408c6fb9b7d1f85e83bbd357ea93313c927d3920148c8295866ec1d","/img/cloud1.9d48b94a.png":"db29c321cc79d15223091b93e79d0b03bb38e60fa42371b9756fa9b81fb8908e","/img/cloud2.e90d1cc7.png":"1f6d9b034ba8989ffc6c49a8bd8ebd641cb41b8b26f3f25151f8e922338bb1bc","/img/n1.e07cd97d.png":"7f21e65629a673eaea9965ede5e42453e4f69220fd7b8585e1304b9e265ad143","/img/n3.facfd931.png":"80173ff156df9a4afb23df0e329796d02349e88e85816c2d157eb8f4c2859deb","/img/n5.43f26f10.png":"0a664cd60533f59dcef56f3b0f2359bc8192a128459c5176842464bcd0be21e5","/img/n7.24d64a46.png":"0a499909cd7faa15fbe10f86e3cdd507b3931cbb18dd2508368af817e0d410e3","/img/o2.430f3b1a.png":"85de660f3b9b07e8455b604ee82a0f8636abd96d25fcb0d004449b0ce342959d","/img/o6.00c6b604.png":"17d68fdc8bd203e80167d1c15f09ceb8fe1978edc3e84623ae1d1be079d1536f","/img/u4.d96f8555.png":"5d059b78e5dfd27e2b4dda0b9b54ef11f7df5df95ef7d960892ad28053b7fc41","/img/u8.baf558f9.png":"f7e172ca502e91e43a80dfb7927e86c40cab0a00ce47fda6d522943baa6a3d26","/js/app.4f051874.js":"3bb101541059218aa40bbe9cf18ff1da90a446a92e52085bcb49d6cdc65b997c","/js/app.4f051874.js.map":"cd92eb65508c16bec5d3c2956d3f8a84a0637d2f889939002f65af5fa5175a1e","/js/chunk-vendors.cfd541a1.js":"d2a8fced7f0c415a4d64dc4f69db366c35e09e60f7dfde6ddc074ebce5e43c37","/js/chunk-vendors.cfd541a1.js.map":"69a9282049c265f9d75cdacbbabf046a7f579c622f6ef0e920fd12355af94798"}}
[debug] [2021-07-03T16:38:37.121Z] <<< [apiv2][status] POST https://firebasehosting.googleapis.com/v1beta1/sites/nonunonu-d62cf/versions/72d2093a0817983d:populateFiles 200
[debug] [2021-07-03T16:38:37.121Z] <<< [apiv2][body] POST https://firebasehosting.googleapis.com/v1beta1/sites/nonunonu-d62cf/versions/72d2093a0817983d:populateFiles {"uploadRequiredHashes":["80173ff156df9a4afb23df0e329796d02349e88e85816c2d157eb8f4c2859deb","db29c321cc79d15223091b93e79d0b03bb38e60fa42371b9756fa9b81fb8908e","f7e172ca502e91e43a80dfb7927e86c40cab0a00ce47fda6d522943baa6a3d26","1f6d9b034ba8989ffc6c49a8bd8ebd641cb41b8b26f3f25151f8e922338bb1bc","0a664cd60533f59dcef56f3b0f2359bc8192a128459c5176842464bcd0be21e5","0a499909cd7faa15fbe10f86e3cdd507b3931cbb18dd2508368af817e0d410e3","5d059b78e5dfd27e2b4dda0b9b54ef11f7df5df95ef7d960892ad28053b7fc41"],"uploadUrl":"https://upload-firebasehosting.googleapis.com/upload/sites/nonunonu-d62cf/versions/72d2093a0817983d/files"}
[debug] [2021-07-03T16:38:37.123Z] >>> [apiv2][query] POST https://upload-firebasehosting.googleapis.com/upload/sites/nonunonu-d62cf/versions/72d2093a0817983d/files/80173ff156df9a4afb23df0e329796d02349e88e85816c2d157eb8f4c2859deb [none]
[debug] [2021-07-03T16:38:37.123Z] >>> [apiv2][body] POST https://upload-firebasehosting.googleapis.com/upload/sites/nonunonu-d62cf/versions/72d2093a0817983d/files/80173ff156df9a4afb23df0e329796d02349e88e85816c2d157eb8f4c2859deb [stream]
[debug] [2021-07-03T16:38:37.124Z] >>> [apiv2][query] POST https://upload-firebasehosting.googleapis.com/upload/sites/nonunonu-d62cf/versions/72d2093a0817983d/files/db29c321cc79d15223091b93e79d0b03bb38e60fa42371b9756fa9b81fb8908e [none]
[debug] [2021-07-03T16:38:37.124Z] >>> [apiv2][body] POST https://upload-firebasehosting.googleapis.com/upload/sites/nonunonu-d62cf/versions/72d2093a0817983d/files/db29c321cc79d15223091b93e79d0b03bb38e60fa42371b9756fa9b81fb8908e [stream]
[debug] [2021-07-03T16:38:37.125Z] >>> [apiv2][query] POST https://upload-firebasehosting.googleapis.com/upload/sites/nonunonu-d62cf/versions/72d2093a0817983d/files/f7e172ca502e91e43a80dfb7927e86c40cab0a00ce47fda6d522943baa6a3d26 [none]
[debug] [2021-07-03T16:38:37.125Z] >>> [apiv2][body] POST https://upload-firebasehosting.googleapis.com/upload/sites/nonunonu-d62cf/versions/72d2093a0817983d/files/f7e172ca502e91e43a80dfb7927e86c40cab0a00ce47fda6d522943baa6a3d26 [stream]
[debug] [2021-07-03T16:38:37.126Z] >>> [apiv2][query] POST https://upload-firebasehosting.googleapis.com/upload/sites/nonunonu-d62cf/versions/72d2093a0817983d/files/1f6d9b034ba8989ffc6c49a8bd8ebd641cb41b8b26f3f25151f8e922338bb1bc [none]
[debug] [2021-07-03T16:38:37.126Z] >>> [apiv2][body] POST https://upload-firebasehosting.googleapis.com/upload/sites/nonunonu-d62cf/versions/72d2093a0817983d/files/1f6d9b034ba8989ffc6c49a8bd8ebd641cb41b8b26f3f25151f8e922338bb1bc [stream]
[debug] [2021-07-03T16:38:37.126Z] >>> [apiv2][query] POST https://upload-firebasehosting.googleapis.com/upload/sites/nonunonu-d62cf/versions/72d2093a0817983d/files/0a664cd60533f59dcef56f3b0f2359bc8192a128459c5176842464bcd0be21e5 [none]
[debug] [2021-07-03T16:38:37.126Z] >>> [apiv2][body] POST https://upload-firebasehosting.googleapis.com/upload/sites/nonunonu-d62cf/versions/72d2093a0817983d/files/0a664cd60533f59dcef56f3b0f2359bc8192a128459c5176842464bcd0be21e5 [stream]
[debug] [2021-07-03T16:38:37.127Z] >>> [apiv2][query] POST https://upload-firebasehosting.googleapis.com/upload/sites/nonunonu-d62cf/versions/72d2093a0817983d/files/0a499909cd7faa15fbe10f86e3cdd507b3931cbb18dd2508368af817e0d410e3 [none]
[debug] [2021-07-03T16:38:37.127Z] >>> [apiv2][body] POST https://upload-firebasehosting.googleapis.com/upload/sites/nonunonu-d62cf/versions/72d2093a0817983d/files/0a499909cd7faa15fbe10f86e3cdd507b3931cbb18dd2508368af817e0d410e3 [stream]
[debug] [2021-07-03T16:38:37.128Z] >>> [apiv2][query] POST https://upload-firebasehosting.googleapis.com/upload/sites/nonunonu-d62cf/versions/72d2093a0817983d/files/5d059b78e5dfd27e2b4dda0b9b54ef11f7df5df95ef7d960892ad28053b7fc41 [none]
[debug] [2021-07-03T16:38:37.128Z] >>> [apiv2][body] POST https://upload-firebasehosting.googleapis.com/upload/sites/nonunonu-d62cf/versions/72d2093a0817983d/files/5d059b78e5dfd27e2b4dda0b9b54ef11f7df5df95ef7d960892ad28053b7fc41 [stream]
[debug] [2021-07-03T16:38:37.129Z] [hosting][populate queue][FINAL] {"max":1027,"min":1027,"avg":1027,"active":0,"complete":1,"success":1,"errored":0,"retried":0,"total":1,"elapsed":1032}
[debug] [2021-07-03T16:38:37.129Z] [hosting] uploads queued: 7
[debug] [2021-07-03T16:39:14.429Z] [uploadQueue] Retrying task 5d059b78e5dfd27e2b4dda0b9b54ef11f7df5df95ef7d960892ad28053b7fc41
[debug] [2021-07-03T16:39:14.431Z] >>> [apiv2][query] POST https://upload-firebasehosting.googleapis.com/upload/sites/nonunonu-d62cf/versions/72d2093a0817983d/files/5d059b78e5dfd27e2b4dda0b9b54ef11f7df5df95ef7d960892ad28053b7fc41 [none]
[debug] [2021-07-03T16:39:14.432Z] >>> [apiv2][body] POST https://upload-firebasehosting.googleapis.com/upload/sites/nonunonu-d62cf/versions/72d2093a0817983d/files/5d059b78e5dfd27e2b4dda0b9b54ef11f7df5df95ef7d960892ad28053b7fc41 [stream]
[debug] [2021-07-03T16:39:22.765Z] [uploadQueue] Retrying task 0a499909cd7faa15fbe10f86e3cdd507b3931cbb18dd2508368af817e0d410e3
[debug] [2021-07-03T16:39:22.766Z] >>> [apiv2][query] POST https://upload-firebasehosting.googleapis.com/upload/sites/nonunonu-d62cf/versions/72d2093a0817983d/files/0a499909cd7faa15fbe10f86e3cdd507b3931cbb18dd2508368af817e0d410e3 [none]
[debug] [2021-07-03T16:39:22.767Z] >>> [apiv2][body] POST https://upload-firebasehosting.googleapis.com/upload/sites/nonunonu-d62cf/versions/72d2093a0817983d/files/0a499909cd7faa15fbe10f86e3cdd507b3931cbb18dd2508368af817e0d410e3 [stream]
[debug] [2021-07-03T16:39:25.462Z] [uploadQueue] Retrying task 80173ff156df9a4afb23df0e329796d02349e88e85816c2d157eb8f4c2859deb
[debug] [2021-07-03T16:39:25.464Z] >>> [apiv2][query] POST https://upload-firebasehosting.googleapis.com/upload/sites/nonunonu-d62cf/versions/72d2093a0817983d/files/80173ff156df9a4afb23df0e329796d02349e88e85816c2d157eb8f4c2859deb [none]
[debug] [2021-07-03T16:39:25.464Z] >>> [apiv2][body] POST https://upload-firebasehosting.googleapis.com/upload/sites/nonunonu-d62cf/versions/72d2093a0817983d/files/80173ff156df9a4afb23df0e329796d02349e88e85816c2d157eb8f4c2859deb [stream]
[debug] [2021-07-03T16:39:26.604Z] [uploadQueue] Retrying task 0a664cd60533f59dcef56f3b0f2359bc8192a128459c5176842464bcd0be21e5
[debug] [2021-07-03T16:39:26.605Z] >>> [apiv2][query] POST https://upload-firebasehosting.googleapis.com/upload/sites/nonunonu-d62cf/versions/72d2093a0817983d/files/0a664cd60533f59dcef56f3b0f2359bc8192a128459c5176842464bcd0be21e5 [none]
[debug] [2021-07-03T16:39:26.605Z] >>> [apiv2][body] POST https://upload-firebasehosting.googleapis.com/upload/sites/nonunonu-d62cf/versions/72d2093a0817983d/files/0a664cd60533f59dcef56f3b0f2359bc8192a128459c5176842464bcd0be21e5 [stream]
[debug] [2021-07-03T16:39:26.863Z] [uploadQueue] Retrying task f7e172ca502e91e43a80dfb7927e86c40cab0a00ce47fda6d522943baa6a3d26
[debug] [2021-07-03T16:39:26.864Z] >>> [apiv2][query] POST https://upload-firebasehosting.googleapis.com/upload/sites/nonunonu-d62cf/versions/72d2093a0817983d/files/f7e172ca502e91e43a80dfb7927e86c40cab0a00ce47fda6d522943baa6a3d26 [none]
[debug] [2021-07-03T16:39:26.864Z] >>> [apiv2][body] POST https://upload-firebasehosting.googleapis.com/upload/sites/nonunonu-d62cf/versions/72d2093a0817983d/files/f7e172ca502e91e43a80dfb7927e86c40cab0a00ce47fda6d522943baa6a3d26 [stream]
